<?xml version="1.0" encoding="ISO-8859-1"?><Archive xmlns="fr:gouv:culture:archivesdefrance:seda:v1.0" xmlns:clm63155CommunicationChannelCode="urn:un:unece:uncefact:codelist:standard:UNECE:CommunicationMeansTypeCode:D10A" xmlns:udt="urn:un:unece:uncefact:data:standard:UnqualifiedDataType:10" xmlns:clmDAFDescriptionLevelCode="urn:un:unece:uncefact:codelist:draft:DAF:descriptionLevelCode:2009-08-18" xmlns:clmDAFDocumentTypeCode="urn:un:unece:uncefact:codelist:draft:DAF:documentTypeCode:2009-08-18" xmlns:ids5ISO316612A="urn:un:unece:uncefact:identifierlist:standard:5:ISO316612A:SecondEdition2006VI-8" xmlns:clm60133="urn:un:unece:uncefact:codelist:standard:6:0133:40106" xmlns:clmDAFAccessRestrictionCode="urn:un:unece:uncefact:codelist:draft:DAF:accessRestrictionCode:2009-08-18" xmlns:clmSIAFAuthorisationReasonCode="urn:un:unece:uncefact:codelist:draft:SIAF:authorisationReasonCode:2012-07-05" xmlns:clmIANAMIMEMediaType="urn:un:unece:uncefact:codelist:standard:IANA:MIMEMediaType:2011-02-16" xmlns:clm63055="urn:un:unece:uncefact:codelist:standard:6:3055:D10A" xmlns:clmDAFkeywordTypeCode="urn:un:unece:uncefact:codelist:draft:DAF:keywordTypeCode:2009-08-18" xmlns:clmSIAFUnitIdentifierCode="urn:un:unece:uncefact:codelist:draft:SIAF:unitIdentifier:2011-12-15" xmlns:clm6Recommendation20="urn:un:unece:uncefact:codelist:standard:6:Recommendation20:7" xmlns:clm5ISO42173A="urn:un:unece:uncefact:codelist:standard:5:ISO42173A:2011-02-18" xmlns:qdt="fr:gouv:culture:archivesdefrance:seda:v1.0:QualifiedDataType:1" xmlns:clmIANACharacterSetCode="urn:un:unece:uncefact:codelist:standard:IANA:CharacterSetCode:2010-11-04" xmlns:clmDAFAppraisalCode="urn:un:unece:uncefact:codelist:draft:DAF:appraisalCode:2009-08-18" xmlns:clmDAFFileTypeCode="urn:un:unece:uncefact:codelist:draft:DAF:fileTypeCode:2011-11-03" xmlns:clmDAFLanguageCode="urn:un:unece:uncefact:codelist:draft:DAF:languageCode:2011-10-07" Id="ArchiveId">
  <DescriptionLanguage>
    FRA
  </DescriptionLanguage>
  <Name languageID="Name_LanguageId">
    Nom de l'archive
  </Name>
  <ContentDescription Id="ContentDescriptionId">
    <Description languageID="FRA">
      Desciption de l'archive ?
    </Description>
    <DescriptionLevel>
      Description Level
    </DescriptionLevel>
    <Language>
      FRA
    </Language>
  </ContentDescription>
  <AccessRestrictionRule Id="AccessRestrictionRuleId">
    <Code>
      Code Access Restriction
    </Code><StartDate>2012-09-12T00:00:00.0Z</StartDate>
  </AccessRestrictionRule>
  <AppraisalRule Id="AppraisalRule Id">
    <Code>
      Code Appraisal
    </Code>
    <Duration>
      Durée
    </Duration><StartDate>2012-09-12T00:00:00.0Z</StartDate>
  </AppraisalRule>
  <ArchiveObject Id="ArchiveObjectId">
    <Name languageID="ArchiveObject Name">
      
    </Name>
    <ContentDescription Id="ContentDescription ArchiveObject Id">
      <Description languageID="FRA">
        Description de l'objet ?
      </Description>
      <DescriptionLevel>
        description level
      </DescriptionLevel>
      <Language>
        FRA
      </Language>
      <Keyword Id="KeywordId">
        <KeywordContent languageID="FRA" role="role keyword content">
          keyword list
        </KeywordContent>
        <KeywordType>
          Keyword type
        </KeywordType>
      </Keyword>
    </ContentDescription>
    <Document Id="Document Id">
      <Attachment characterSetCode="4" encodingCode="2" filename="filename optional" format="fmt/122" mimeCode="application/vnd.openofficeorg.extension" uri="file://myfile.file">
        contenu attaché ?
      </Attachment>
      <Type>
        Code Type document
      </Type>
      <RelatedData Id="Related Data Id">
        <Data characterSetCode="7" encodingCode="3" filename="optional filename" format="fmt/294" mimeCode="application/activemessage" uri="file://myfile.related">
          data ???
        </Data>
        <Relation languageID="optional" listAgencyName="optional" listID="listId" listName="optional" listSchemeURI="optional" listURI="optional" listVersionID="optional" name="optional">
          relation ???
        </Relation>
      </RelatedData>
    </Document>
  </ArchiveObject>
</Archive>